2023-08-12 21:21:46,705 - INFO  [zk-client-Kafkaserver-reinit-0:Logging@66] - [ZooKeeperClient Kafka server] Session expired.
2023-08-12 21:21:46,708 - INFO  [zk-client-Kafkaserver-reinit-0:Logging@66] - [ZooKeeperClient Kafka server] Initializing a new session to zookeeper:2181.
2023-08-12 21:21:46,728 - INFO  [feature-zk-node-event-process-thread:Logging@66] - [MetadataCache brokerId=1] Updated cache from existing FinalizedFeaturesAndEpoch(features=Map(), epoch=0) to latest FinalizedFeaturesAndEpoch(features=Map(), epoch=0).
2023-08-12 21:21:46,732 - INFO  [controller-event-thread:Logging@66] - Creating /brokers/ids/1 (is it secure? false)
2023-08-12 21:21:46,738 - INFO  [controller-event-thread:Logging@66] - Stat of the created znode at /brokers/ids/1 is: 296,296,1691875306734,1691875306734,1,0,0,72070473546661889,210,0,296

2023-08-12 21:21:46,739 - INFO  [controller-event-thread:Logging@66] - Registered broker 1 at path /brokers/ids/1 with addresses: PLAINTEXT://192.168.224.5:9092, czxid (broker epoch): 296
2023-08-12 21:45:52,065 - INFO  [data-plane-kafka-request-handler-0:Logging@66] - [GroupCoordinator 1]: Preparing to rebalance group console-consumer-31460 in state PreparingRebalance with old generation 1 (__consumer_offsets-25) (reason: Removing member console-consumer-01593a80-b8c3-449c-986a-8a8798174abe on LeaveGroup; client reason: the consumer is being closed)
2023-08-12 21:45:52,065 - INFO  [data-plane-kafka-request-handler-0:Logging@66] - [GroupCoordinator 1]: Group console-consumer-31460 with generation 2 is now empty (__consumer_offsets-25)
2023-08-12 21:45:52,067 - INFO  [data-plane-kafka-request-handler-0:Logging@66] - [GroupCoordinator 1]: Member MemberMetadata(memberId=console-consumer-01593a80-b8c3-449c-986a-8a8798174abe, groupInstanceId=None, clientId=console-consumer, clientHost=/192.168.224.6, sessionTimeoutMs=45000, rebalanceTimeoutMs=300000, supportedProtocols=List(range, cooperative-sticky)) has left group console-consumer-31460 through explicit `LeaveGroup`; client reason: the consumer is being closed
2023-08-12 21:45:53,012 - INFO  [data-plane-kafka-request-handler-1:Logging@66] - [GroupCoordinator 1]: Preparing to rebalance group connect-jdbc-sink-postgresql-inventory-customers in state PreparingRebalance with old generation 1 (__consumer_offsets-0) (reason: Removing member connector-consumer-jdbc-sink-postgresql-inventory-customers-0-119e0a72-2511-4eef-8244-3b7970d4701a on LeaveGroup; client reason: the consumer is being closed)
2023-08-12 21:45:53,012 - INFO  [data-plane-kafka-request-handler-1:Logging@66] - [GroupCoordinator 1]: Group connect-jdbc-sink-postgresql-inventory-customers with generation 2 is now empty (__consumer_offsets-0)
2023-08-12 21:45:53,013 - INFO  [data-plane-kafka-request-handler-1:Logging@66] - [GroupCoordinator 1]: Member MemberMetadata(memberId=connector-consumer-jdbc-sink-postgresql-inventory-customers-0-119e0a72-2511-4eef-8244-3b7970d4701a, groupInstanceId=None, clientId=connector-consumer-jdbc-sink-postgresql-inventory-customers-0, clientHost=/192.168.224.7, sessionTimeoutMs=45000, rebalanceTimeoutMs=300000, supportedProtocols=List(range, cooperative-sticky)) has left group connect-jdbc-sink-postgresql-inventory-customers through explicit `LeaveGroup`; client reason: the consumer is being closed
2023-08-12 21:45:53,567 - INFO  [data-plane-kafka-request-handler-6:Logging@66] - [GroupCoordinator 1]: Preparing to rebalance group 1 in state PreparingRebalance with old generation 9 (__consumer_offsets-49) (reason: Removing member connect-1-50181d72-58ce-42ff-94ab-7fe128932dda on LeaveGroup; client reason: the consumer is being closed)
2023-08-12 21:45:53,567 - INFO  [data-plane-kafka-request-handler-6:Logging@66] - [GroupCoordinator 1]: Group 1 with generation 10 is now empty (__consumer_offsets-49)
2023-08-12 21:45:53,568 - INFO  [data-plane-kafka-request-handler-6:Logging@66] - [GroupCoordinator 1]: Member MemberMetadata(memberId=connect-1-50181d72-58ce-42ff-94ab-7fe128932dda, groupInstanceId=None, clientId=connect-1, clientHost=/192.168.224.7, sessionTimeoutMs=10000, rebalanceTimeoutMs=60000, supportedProtocols=List(sessioned, compatible, default)) has left group 1 through explicit `LeaveGroup`; client reason: the consumer is being closed
2023-08-12 21:45:55,633 - INFO  [kafka-shutdown-hook:Logging@66] - [KafkaServer id=1] shutting down
2023-08-12 21:45:55,651 - INFO  [kafka-shutdown-hook:Logging@66] - [KafkaServer id=1] Starting controlled shutdown
2023-08-12 21:45:55,667 - INFO  [kafka-shutdown-hook:Logging@66] - [KafkaServer id=1] Controlled shutdown request returned successfully after 8ms
2023-08-12 21:45:55,669 - INFO  [kafka-shutdown-hook:ShutdownableThread@82] - [/config/changes-event-process-thread]: Shutting down
2023-08-12 21:45:55,671 - INFO  [kafka-shutdown-hook:ShutdownableThread@101] - [/config/changes-event-process-thread]: Shutdown completed
2023-08-12 21:45:55,671 - INFO  [/config/changes-event-process-thread:ShutdownableThread@139] - [/config/changes-event-process-thread]: Stopped
2023-08-12 21:45:55,673 - INFO  [kafka-shutdown-hook:Logging@66] - [SocketServer listenerType=ZK_BROKER, nodeId=1] Stopping socket server request processors
2023-08-12 21:45:55,684 - INFO  [kafka-shutdown-hook:Logging@66] - [SocketServer listenerType=ZK_BROKER, nodeId=1] Stopped socket server request processors
2023-08-12 21:45:55,685 - INFO  [kafka-shutdown-hook:Logging@66] - [data-plane Kafka Request Handler on Broker 1], shutting down
2023-08-12 21:45:55,687 - INFO  [kafka-shutdown-hook:Logging@66] - [data-plane Kafka Request Handler on Broker 1], shut down completely
2023-08-12 21:45:55,690 - INFO  [kafka-shutdown-hook:ShutdownableThread@82] - [ExpirationReaper-1-AlterAcls]: Shutting down
2023-08-12 21:45:55,691 - INFO  [ExpirationReaper-1-AlterAcls:ShutdownableThread@139] - [ExpirationReaper-1-AlterAcls]: Stopped
2023-08-12 21:45:55,697 - INFO  [kafka-shutdown-hook:ShutdownableThread@101] - [ExpirationReaper-1-AlterAcls]: Shutdown completed
2023-08-12 21:45:55,698 - INFO  [kafka-shutdown-hook:Logging@66] - [KafkaApi-1] Shutdown complete.
2023-08-12 21:45:55,699 - INFO  [kafka-shutdown-hook:ShutdownableThread@82] - [ExpirationReaper-1-topic]: Shutting down
2023-08-12 21:45:55,700 - INFO  [ExpirationReaper-1-topic:ShutdownableThread@139] - [ExpirationReaper-1-topic]: Stopped
2023-08-12 21:45:55,700 - INFO  [kafka-shutdown-hook:ShutdownableThread@101] - [ExpirationReaper-1-topic]: Shutdown completed
2023-08-12 21:45:55,702 - INFO  [kafka-shutdown-hook:Logging@66] - [TransactionCoordinator id=1] Shutting down.
2023-08-12 21:45:55,704 - INFO  [kafka-shutdown-hook:Logging@66] - [Transaction State Manager 1]: Shutdown complete
2023-08-12 21:45:55,704 - INFO  [kafka-shutdown-hook:ShutdownableThread@82] - [TxnMarkerSenderThread-1]: Shutting down
2023-08-12 21:45:55,704 - INFO  [kafka-shutdown-hook:ShutdownableThread@101] - [TxnMarkerSenderThread-1]: Shutdown completed
2023-08-12 21:45:55,704 - INFO  [TxnMarkerSenderThread-1:ShutdownableThread@139] - [TxnMarkerSenderThread-1]: Stopped
2023-08-12 21:45:55,706 - INFO  [kafka-shutdown-hook:Logging@66] - [TransactionCoordinator id=1] Shutdown complete.
2023-08-12 21:45:55,706 - INFO  [kafka-shutdown-hook:Logging@66] - [GroupCoordinator 1]: Shutting down.
2023-08-12 21:45:55,707 - INFO  [kafka-shutdown-hook:ShutdownableThread@82] - [ExpirationReaper-1-Heartbeat]: Shutting down
2023-08-12 21:45:55,707 - INFO  [ExpirationReaper-1-Heartbeat:ShutdownableThread@139] - [ExpirationReaper-1-Heartbeat]: Stopped
2023-08-12 21:45:55,707 - INFO  [kafka-shutdown-hook:ShutdownableThread@101] - [ExpirationReaper-1-Heartbeat]: Shutdown completed
2023-08-12 21:45:55,708 - INFO  [kafka-shutdown-hook:ShutdownableThread@82] - [ExpirationReaper-1-Rebalance]: Shutting down
2023-08-12 21:45:55,708 - INFO  [ExpirationReaper-1-Rebalance:ShutdownableThread@139] - [ExpirationReaper-1-Rebalance]: Stopped
2023-08-12 21:45:55,708 - INFO  [kafka-shutdown-hook:ShutdownableThread@101] - [ExpirationReaper-1-Rebalance]: Shutdown completed
2023-08-12 21:45:55,709 - INFO  [kafka-shutdown-hook:Logging@66] - [GroupCoordinator 1]: Shutdown complete.
2023-08-12 21:45:55,710 - INFO  [kafka-shutdown-hook:Logging@66] - [ReplicaManager broker=1] Shutting down
2023-08-12 21:45:55,717 - INFO  [kafka-shutdown-hook:ShutdownableThread@82] - [LogDirFailureHandler]: Shutting down
2023-08-12 21:45:55,718 - INFO  [kafka-shutdown-hook:ShutdownableThread@101] - [LogDirFailureHandler]: Shutdown completed
2023-08-12 21:45:55,718 - INFO  [LogDirFailureHandler:ShutdownableThread@139] - [LogDirFailureHandler]: Stopped
2023-08-12 21:45:55,719 - INFO  [kafka-shutdown-hook:Logging@66] - [ReplicaFetcherManager on broker 1] shutting down
2023-08-12 21:45:55,719 - INFO  [kafka-shutdown-hook:Logging@66] - [ReplicaFetcherManager on broker 1] shutdown completed
2023-08-12 21:45:55,720 - INFO  [kafka-shutdown-hook:Logging@66] - [ReplicaAlterLogDirsManager on broker 1] shutting down
2023-08-12 21:45:55,720 - INFO  [kafka-shutdown-hook:Logging@66] - [ReplicaAlterLogDirsManager on broker 1] shutdown completed
2023-08-12 21:45:55,720 - INFO  [kafka-shutdown-hook:ShutdownableThread@82] - [ExpirationReaper-1-Fetch]: Shutting down
2023-08-12 21:45:55,721 - INFO  [ExpirationReaper-1-Fetch:ShutdownableThread@139] - [ExpirationReaper-1-Fetch]: Stopped
2023-08-12 21:45:55,721 - INFO  [kafka-shutdown-hook:ShutdownableThread@101] - [ExpirationReaper-1-Fetch]: Shutdown completed
2023-08-12 21:45:55,721 - INFO  [kafka-shutdown-hook:ShutdownableThread@82] - [ExpirationReaper-1-Produce]: Shutting down
2023-08-12 21:45:55,722 - INFO  [ExpirationReaper-1-Produce:ShutdownableThread@139] - [ExpirationReaper-1-Produce]: Stopped
2023-08-12 21:45:55,722 - INFO  [kafka-shutdown-hook:ShutdownableThread@101] - [ExpirationReaper-1-Produce]: Shutdown completed
2023-08-12 21:45:55,722 - INFO  [kafka-shutdown-hook:ShutdownableThread@82] - [ExpirationReaper-1-DeleteRecords]: Shutting down
2023-08-12 21:45:55,723 - INFO  [ExpirationReaper-1-DeleteRecords:ShutdownableThread@139] - [ExpirationReaper-1-DeleteRecords]: Stopped
2023-08-12 21:45:55,723 - INFO  [kafka-shutdown-hook:ShutdownableThread@101] - [ExpirationReaper-1-DeleteRecords]: Shutdown completed
2023-08-12 21:45:55,724 - INFO  [kafka-shutdown-hook:ShutdownableThread@82] - [ExpirationReaper-1-ElectLeader]: Shutting down
2023-08-12 21:45:55,725 - INFO  [ExpirationReaper-1-ElectLeader:ShutdownableThread@139] - [ExpirationReaper-1-ElectLeader]: Stopped
2023-08-12 21:45:55,725 - INFO  [kafka-shutdown-hook:ShutdownableThread@101] - [ExpirationReaper-1-ElectLeader]: Shutdown completed
2023-08-12 21:45:55,731 - INFO  [kafka-shutdown-hook:Logging@66] - [ReplicaManager broker=1] Shut down completely
2023-08-12 21:45:55,732 - INFO  [kafka-shutdown-hook:ShutdownableThread@82] - [zk-broker-1-to-controller-alter-partition-channel-manager]: Shutting down
2023-08-12 21:45:55,732 - INFO  [zk-broker-1-to-controller-alter-partition-channel-manager:ShutdownableThread@139] - [zk-broker-1-to-controller-alter-partition-channel-manager]: Stopped
2023-08-12 21:45:55,732 - INFO  [kafka-shutdown-hook:ShutdownableThread@101] - [zk-broker-1-to-controller-alter-partition-channel-manager]: Shutdown completed
2023-08-12 21:45:55,733 - INFO  [kafka-shutdown-hook:Logging@66] - Broker to controller channel manager for alter-partition shutdown
2023-08-12 21:45:55,734 - INFO  [kafka-shutdown-hook:ShutdownableThread@82] - [zk-broker-1-to-controller-forwarding-channel-manager]: Shutting down
2023-08-12 21:45:55,734 - INFO  [zk-broker-1-to-controller-forwarding-channel-manager:ShutdownableThread@139] - [zk-broker-1-to-controller-forwarding-channel-manager]: Stopped
2023-08-12 21:45:55,734 - INFO  [kafka-shutdown-hook:ShutdownableThread@101] - [zk-broker-1-to-controller-forwarding-channel-manager]: Shutdown completed
2023-08-12 21:45:55,737 - INFO  [kafka-shutdown-hook:Logging@66] - Broker to controller channel manager for forwarding shutdown
2023-08-12 21:45:55,738 - INFO  [kafka-shutdown-hook:Logging@66] - Shutting down.
2023-08-12 21:45:55,740 - INFO  [kafka-shutdown-hook:ShutdownableThread@82] - [kafka-log-cleaner-thread-0]: Shutting down
2023-08-12 21:45:55,740 - INFO  [kafka-log-cleaner-thread-0:ShutdownableThread@139] - [kafka-log-cleaner-thread-0]: Stopped
2023-08-12 21:45:55,740 - INFO  [kafka-shutdown-hook:ShutdownableThread@101] - [kafka-log-cleaner-thread-0]: Shutdown completed
2023-08-12 21:45:55,948 - INFO  [kafka-shutdown-hook:Logging@66] - Shutdown complete.
2023-08-12 21:45:55,952 - INFO  [kafka-shutdown-hook:ShutdownableThread@82] - [feature-zk-node-event-process-thread]: Shutting down
2023-08-12 21:45:55,952 - INFO  [kafka-shutdown-hook:ShutdownableThread@101] - [feature-zk-node-event-process-thread]: Shutdown completed
2023-08-12 21:45:55,952 - INFO  [feature-zk-node-event-process-thread:ShutdownableThread@139] - [feature-zk-node-event-process-thread]: Stopped
2023-08-12 21:45:55,953 - INFO  [kafka-shutdown-hook:Logging@66] - [ZooKeeperClient Kafka server] Closing.
2023-08-12 21:45:56,060 - INFO  [kafka-shutdown-hook:Logging@66] - [ZooKeeperClient Kafka server] Closed.
2023-08-12 21:45:56,060 - INFO  [kafka-shutdown-hook:ShutdownableThread@82] - [ThrottledChannelReaper-Fetch]: Shutting down
2023-08-12 21:45:56,062 - INFO  [ThrottledChannelReaper-Fetch:ShutdownableThread@139] - [ThrottledChannelReaper-Fetch]: Stopped
2023-08-12 21:45:56,062 - INFO  [kafka-shutdown-hook:ShutdownableThread@101] - [ThrottledChannelReaper-Fetch]: Shutdown completed
2023-08-12 21:45:56,062 - INFO  [kafka-shutdown-hook:ShutdownableThread@82] - [ThrottledChannelReaper-Produce]: Shutting down
2023-08-12 21:45:56,063 - INFO  [ThrottledChannelReaper-Produce:ShutdownableThread@139] - [ThrottledChannelReaper-Produce]: Stopped
2023-08-12 21:45:56,063 - INFO  [kafka-shutdown-hook:ShutdownableThread@101] - [ThrottledChannelReaper-Produce]: Shutdown completed
2023-08-12 21:45:56,063 - INFO  [kafka-shutdown-hook:ShutdownableThread@82] - [ThrottledChannelReaper-Request]: Shutting down
2023-08-12 21:45:56,063 - INFO  [ThrottledChannelReaper-Request:ShutdownableThread@139] - [ThrottledChannelReaper-Request]: Stopped
2023-08-12 21:45:56,063 - INFO  [kafka-shutdown-hook:ShutdownableThread@101] - [ThrottledChannelReaper-Request]: Shutdown completed
2023-08-12 21:45:56,063 - INFO  [kafka-shutdown-hook:ShutdownableThread@82] - [ThrottledChannelReaper-ControllerMutation]: Shutting down
2023-08-12 21:45:56,064 - INFO  [ThrottledChannelReaper-ControllerMutation:ShutdownableThread@139] - [ThrottledChannelReaper-ControllerMutation]: Stopped
2023-08-12 21:45:56,064 - INFO  [kafka-shutdown-hook:ShutdownableThread@101] - [ThrottledChannelReaper-ControllerMutation]: Shutdown completed
2023-08-12 21:45:56,065 - INFO  [kafka-shutdown-hook:Logging@66] - [SocketServer listenerType=ZK_BROKER, nodeId=1] Shutting down socket server
2023-08-12 21:45:56,089 - INFO  [kafka-shutdown-hook:Logging@66] - [SocketServer listenerType=ZK_BROKER, nodeId=1] Shutdown completed
2023-08-12 21:45:56,091 - INFO  [kafka-shutdown-hook:Logging@66] - Broker and topic stats closed
2023-08-12 21:45:56,092 - INFO  [kafka-shutdown-hook:Logging@66] - [KafkaServer id=1] shut down completed
